<?xml version="1.0" encoding="UTF-8"?>
<testsuite xmlns:xsi="http://www.w3.org/2001/XMLSchema-instance" xsi:noNamespaceSchemaLocation="https://maven.apache.org/surefire/maven-surefire-plugin/xsd/surefire-test-report.xsd" name="com.tco.requests.TestDistancesRequest" time="0.001" tests="2" errors="0" skipped="0" failures="0">
  <properties>
    <property name="sun.desktop" value="gnome"/>
    <property name="awt.toolkit" value="sun.awt.X11.XToolkit"/>
    <property name="java.specification.version" value="11"/>
    <property name="sun.cpu.isalist" value=""/>
    <property name="sun.jnu.encoding" value="UTF-8"/>
    <property name="java.class.path" value="/home/brock/Documents/cs314/t17/target/test-classes:/home/brock/Documents/cs314/t17/target/classes:/home/brock/Documents/cs314/t17/server/.m2/repository/org/junit/jupiter/junit-jupiter-api/5.6.0/junit-jupiter-api-5.6.0.jar:/home/brock/Documents/cs314/t17/server/.m2/repository/org/apiguardian/apiguardian-api/1.1.0/apiguardian-api-1.1.0.jar:/home/brock/Documents/cs314/t17/server/.m2/repository/org/opentest4j/opentest4j/1.2.0/opentest4j-1.2.0.jar:/home/brock/Documents/cs314/t17/server/.m2/repository/org/junit/platform/junit-platform-commons/1.6.0/junit-platform-commons-1.6.0.jar:/home/brock/Documents/cs314/t17/server/.m2/repository/org/junit/jupiter/junit-jupiter-engine/5.6.0/junit-jupiter-engine-5.6.0.jar:/home/brock/Documents/cs314/t17/server/.m2/repository/org/junit/platform/junit-platform-engine/1.6.0/junit-platform-engine-1.6.0.jar:/home/brock/Documents/cs314/t17/server/.m2/repository/com/sparkjava/spark-core/2.9.1/spark-core-2.9.1.jar:/home/brock/Documents/cs314/t17/server/.m2/repository/org/slf4j/slf4j-api/1.7.25/slf4j-api-1.7.25.jar:/home/brock/Documents/cs314/t17/server/.m2/repository/org/eclipse/jetty/jetty-server/9.4.18.v20190429/jetty-server-9.4.18.v20190429.jar:/home/brock/Documents/cs314/t17/server/.m2/repository/javax/servlet/javax.servlet-api/3.1.0/javax.servlet-api-3.1.0.jar:/home/brock/Documents/cs314/t17/server/.m2/repository/org/eclipse/jetty/jetty-http/9.4.18.v20190429/jetty-http-9.4.18.v20190429.jar:/home/brock/Documents/cs314/t17/server/.m2/repository/org/eclipse/jetty/jetty-util/9.4.18.v20190429/jetty-util-9.4.18.v20190429.jar:/home/brock/Documents/cs314/t17/server/.m2/repository/org/eclipse/jetty/jetty-io/9.4.18.v20190429/jetty-io-9.4.18.v20190429.jar:/home/brock/Documents/cs314/t17/server/.m2/repository/org/eclipse/jetty/jetty-webapp/9.4.18.v20190429/jetty-webapp-9.4.18.v20190429.jar:/home/brock/Documents/cs314/t17/server/.m2/repository/org/eclipse/jetty/jetty-xml/9.4.18.v20190429/jetty-xml-9.4.18.v20190429.jar:/home/brock/Documents/cs314/t17/server/.m2/repository/org/eclipse/jetty/jetty-servlet/9.4.18.v20190429/jetty-servlet-9.4.18.v20190429.jar:/home/brock/Documents/cs314/t17/server/.m2/repository/org/eclipse/jetty/jetty-security/9.4.18.v20190429/jetty-security-9.4.18.v20190429.jar:/home/brock/Documents/cs314/t17/server/.m2/repository/org/eclipse/jetty/websocket/websocket-server/9.4.18.v20190429/websocket-server-9.4.18.v20190429.jar:/home/brock/Documents/cs314/t17/server/.m2/repository/org/eclipse/jetty/websocket/websocket-common/9.4.18.v20190429/websocket-common-9.4.18.v20190429.jar:/home/brock/Documents/cs314/t17/server/.m2/repository/org/eclipse/jetty/websocket/websocket-client/9.4.18.v20190429/websocket-client-9.4.18.v20190429.jar:/home/brock/Documents/cs314/t17/server/.m2/repository/org/eclipse/jetty/jetty-client/9.4.18.v20190429/jetty-client-9.4.18.v20190429.jar:/home/brock/Documents/cs314/t17/server/.m2/repository/org/eclipse/jetty/websocket/websocket-servlet/9.4.18.v20190429/websocket-servlet-9.4.18.v20190429.jar:/home/brock/Documents/cs314/t17/server/.m2/repository/org/eclipse/jetty/websocket/websocket-api/9.4.18.v20190429/websocket-api-9.4.18.v20190429.jar:/home/brock/Documents/cs314/t17/server/.m2/repository/com/google/code/gson/gson/2.8.6/gson-2.8.6.jar:/home/brock/Documents/cs314/t17/server/.m2/repository/org/slf4j/slf4j-simple/1.7.30/slf4j-simple-1.7.30.jar:/home/brock/Documents/cs314/t17/server/.m2/repository/org/mariadb/jdbc/mariadb-java-client/2.1.2/mariadb-java-client-2.1.2.jar:/home/brock/Documents/cs314/t17/server/.m2/repository/org/everit/json/org.everit.json.schema/1.5.1/org.everit.json.schema-1.5.1.jar:/home/brock/Documents/cs314/t17/server/.m2/repository/org/json/json/20160810/json-20160810.jar:/home/brock/Documents/cs314/t17/server/.m2/repository/com/google/guava/guava/19.0/guava-19.0.jar:/home/brock/Documents/cs314/t17/server/.m2/repository/commons-validator/commons-validator/1.5.1/commons-validator-1.5.1.jar:/home/brock/Documents/cs314/t17/server/.m2/repository/commons-beanutils/commons-beanutils/1.9.2/commons-beanutils-1.9.2.jar:/home/brock/Documents/cs314/t17/server/.m2/repository/commons-digester/commons-digester/1.8.1/commons-digester-1.8.1.jar:/home/brock/Documents/cs314/t17/server/.m2/repository/commons-collections/commons-collections/3.2.2/commons-collections-3.2.2.jar:/home/brock/Documents/cs314/t17/server/.m2/repository/org/apache/httpcomponents/httpclient/4.5.13/httpclient-4.5.13.jar:/home/brock/Documents/cs314/t17/server/.m2/repository/org/apache/httpcomponents/httpcore/4.4.13/httpcore-4.4.13.jar:/home/brock/Documents/cs314/t17/server/.m2/repository/commons-logging/commons-logging/1.2/commons-logging-1.2.jar:/home/brock/Documents/cs314/t17/server/.m2/repository/commons-codec/commons-codec/1.11/commons-codec-1.11.jar:/home/brock/Documents/cs314/t17/server/.m2/repository/org/mockito/mockito-inline/4.0.0/mockito-inline-4.0.0.jar:/home/brock/Documents/cs314/t17/server/.m2/repository/org/mockito/mockito-core/4.0.0/mockito-core-4.0.0.jar:/home/brock/Documents/cs314/t17/server/.m2/repository/net/bytebuddy/byte-buddy/1.11.19/byte-buddy-1.11.19.jar:/home/brock/Documents/cs314/t17/server/.m2/repository/net/bytebuddy/byte-buddy-agent/1.11.19/byte-buddy-agent-1.11.19.jar:/home/brock/Documents/cs314/t17/server/.m2/repository/org/objenesis/objenesis/3.2/objenesis-3.2.jar:/home/brock/Documents/cs314/t17/server/.m2/repository/com/github/stefanbirkner/system-lambda/1.2.0/system-lambda-1.2.0.jar:"/>
    <property name="java.vm.vendor" value="Oracle Corporation"/>
    <property name="sun.arch.data.model" value="64"/>
    <property name="java.vendor.url" value="http://java.oracle.com/"/>
    <property name="user.timezone" value=""/>
    <property name="java.vm.specification.version" value="11"/>
    <property name="os.name" value="Linux"/>
    <property name="sun.java.launcher" value="SUN_STANDARD"/>
    <property name="user.country" value="US"/>
    <property name="sun.boot.library.path" value="/home/brock/Documents/cs314/jdk-11/lib"/>
    <property name="sun.java.command" value="/home/brock/Documents/cs314/t17/target/surefire/surefirebooter923075141872698589.jar /home/brock/Documents/cs314/t17/target/surefire 2022-05-04T21-17-21_111-jvmRun1 surefire5254273878761417503tmp surefire_08300240895331925520tmp"/>
    <property name="jdk.debug" value="release"/>
    <property name="surefire.test.class.path" value="/home/brock/Documents/cs314/t17/target/test-classes:/home/brock/Documents/cs314/t17/target/classes:/home/brock/Documents/cs314/t17/server/.m2/repository/org/junit/jupiter/junit-jupiter-api/5.6.0/junit-jupiter-api-5.6.0.jar:/home/brock/Documents/cs314/t17/server/.m2/repository/org/apiguardian/apiguardian-api/1.1.0/apiguardian-api-1.1.0.jar:/home/brock/Documents/cs314/t17/server/.m2/repository/org/opentest4j/opentest4j/1.2.0/opentest4j-1.2.0.jar:/home/brock/Documents/cs314/t17/server/.m2/repository/org/junit/platform/junit-platform-commons/1.6.0/junit-platform-commons-1.6.0.jar:/home/brock/Documents/cs314/t17/server/.m2/repository/org/junit/jupiter/junit-jupiter-engine/5.6.0/junit-jupiter-engine-5.6.0.jar:/home/brock/Documents/cs314/t17/server/.m2/repository/org/junit/platform/junit-platform-engine/1.6.0/junit-platform-engine-1.6.0.jar:/home/brock/Documents/cs314/t17/server/.m2/repository/com/sparkjava/spark-core/2.9.1/spark-core-2.9.1.jar:/home/brock/Documents/cs314/t17/server/.m2/repository/org/slf4j/slf4j-api/1.7.25/slf4j-api-1.7.25.jar:/home/brock/Documents/cs314/t17/server/.m2/repository/org/eclipse/jetty/jetty-server/9.4.18.v20190429/jetty-server-9.4.18.v20190429.jar:/home/brock/Documents/cs314/t17/server/.m2/repository/javax/servlet/javax.servlet-api/3.1.0/javax.servlet-api-3.1.0.jar:/home/brock/Documents/cs314/t17/server/.m2/repository/org/eclipse/jetty/jetty-http/9.4.18.v20190429/jetty-http-9.4.18.v20190429.jar:/home/brock/Documents/cs314/t17/server/.m2/repository/org/eclipse/jetty/jetty-util/9.4.18.v20190429/jetty-util-9.4.18.v20190429.jar:/home/brock/Documents/cs314/t17/server/.m2/repository/org/eclipse/jetty/jetty-io/9.4.18.v20190429/jetty-io-9.4.18.v20190429.jar:/home/brock/Documents/cs314/t17/server/.m2/repository/org/eclipse/jetty/jetty-webapp/9.4.18.v20190429/jetty-webapp-9.4.18.v20190429.jar:/home/brock/Documents/cs314/t17/server/.m2/repository/org/eclipse/jetty/jetty-xml/9.4.18.v20190429/jetty-xml-9.4.18.v20190429.jar:/home/brock/Documents/cs314/t17/server/.m2/repository/org/eclipse/jetty/jetty-servlet/9.4.18.v20190429/jetty-servlet-9.4.18.v20190429.jar:/home/brock/Documents/cs314/t17/server/.m2/repository/org/eclipse/jetty/jetty-security/9.4.18.v20190429/jetty-security-9.4.18.v20190429.jar:/home/brock/Documents/cs314/t17/server/.m2/repository/org/eclipse/jetty/websocket/websocket-server/9.4.18.v20190429/websocket-server-9.4.18.v20190429.jar:/home/brock/Documents/cs314/t17/server/.m2/repository/org/eclipse/jetty/websocket/websocket-common/9.4.18.v20190429/websocket-common-9.4.18.v20190429.jar:/home/brock/Documents/cs314/t17/server/.m2/repository/org/eclipse/jetty/websocket/websocket-client/9.4.18.v20190429/websocket-client-9.4.18.v20190429.jar:/home/brock/Documents/cs314/t17/server/.m2/repository/org/eclipse/jetty/jetty-client/9.4.18.v20190429/jetty-client-9.4.18.v20190429.jar:/home/brock/Documents/cs314/t17/server/.m2/repository/org/eclipse/jetty/websocket/websocket-servlet/9.4.18.v20190429/websocket-servlet-9.4.18.v20190429.jar:/home/brock/Documents/cs314/t17/server/.m2/repository/org/eclipse/jetty/websocket/websocket-api/9.4.18.v20190429/websocket-api-9.4.18.v20190429.jar:/home/brock/Documents/cs314/t17/server/.m2/repository/com/google/code/gson/gson/2.8.6/gson-2.8.6.jar:/home/brock/Documents/cs314/t17/server/.m2/repository/org/slf4j/slf4j-simple/1.7.30/slf4j-simple-1.7.30.jar:/home/brock/Documents/cs314/t17/server/.m2/repository/org/mariadb/jdbc/mariadb-java-client/2.1.2/mariadb-java-client-2.1.2.jar:/home/brock/Documents/cs314/t17/server/.m2/repository/org/everit/json/org.everit.json.schema/1.5.1/org.everit.json.schema-1.5.1.jar:/home/brock/Documents/cs314/t17/server/.m2/repository/org/json/json/20160810/json-20160810.jar:/home/brock/Documents/cs314/t17/server/.m2/repository/com/google/guava/guava/19.0/guava-19.0.jar:/home/brock/Documents/cs314/t17/server/.m2/repository/commons-validator/commons-validator/1.5.1/commons-validator-1.5.1.jar:/home/brock/Documents/cs314/t17/server/.m2/repository/commons-beanutils/commons-beanutils/1.9.2/commons-beanutils-1.9.2.jar:/home/brock/Documents/cs314/t17/server/.m2/repository/commons-digester/commons-digester/1.8.1/commons-digester-1.8.1.jar:/home/brock/Documents/cs314/t17/server/.m2/repository/commons-collections/commons-collections/3.2.2/commons-collections-3.2.2.jar:/home/brock/Documents/cs314/t17/server/.m2/repository/org/apache/httpcomponents/httpclient/4.5.13/httpclient-4.5.13.jar:/home/brock/Documents/cs314/t17/server/.m2/repository/org/apache/httpcomponents/httpcore/4.4.13/httpcore-4.4.13.jar:/home/brock/Documents/cs314/t17/server/.m2/repository/commons-logging/commons-logging/1.2/commons-logging-1.2.jar:/home/brock/Documents/cs314/t17/server/.m2/repository/commons-codec/commons-codec/1.11/commons-codec-1.11.jar:/home/brock/Documents/cs314/t17/server/.m2/repository/org/mockito/mockito-inline/4.0.0/mockito-inline-4.0.0.jar:/home/brock/Documents/cs314/t17/server/.m2/repository/org/mockito/mockito-core/4.0.0/mockito-core-4.0.0.jar:/home/brock/Documents/cs314/t17/server/.m2/repository/net/bytebuddy/byte-buddy/1.11.19/byte-buddy-1.11.19.jar:/home/brock/Documents/cs314/t17/server/.m2/repository/net/bytebuddy/byte-buddy-agent/1.11.19/byte-buddy-agent-1.11.19.jar:/home/brock/Documents/cs314/t17/server/.m2/repository/org/objenesis/objenesis/3.2/objenesis-3.2.jar:/home/brock/Documents/cs314/t17/server/.m2/repository/com/github/stefanbirkner/system-lambda/1.2.0/system-lambda-1.2.0.jar:"/>
    <property name="sun.cpu.endian" value="little"/>
    <property name="user.home" value="/home/brock"/>
    <property name="user.language" value="en"/>
    <property name="java.specification.vendor" value="Oracle Corporation"/>
    <property name="java.version.date" value="2018-09-25"/>
    <property name="java.home" value="/home/brock/Documents/cs314/jdk-11"/>
    <property name="revision" value="local"/>
    <property name="file.separator" value="/"/>
    <property name="basedir" value="/home/brock/Documents/cs314/t17/server"/>
    <property name="java.vm.compressedOopsMode" value="Zero based"/>
    <property name="line.separator" value="&#10;"/>
    <property name="java.specification.name" value="Java Platform API Specification"/>
    <property name="java.vm.specification.vendor" value="Oracle Corporation"/>
    <property name="java.awt.graphicsenv" value="sun.awt.X11GraphicsEnvironment"/>
    <property name="surefire.real.class.path" value="/home/brock/Documents/cs314/t17/target/surefire/surefirebooter923075141872698589.jar"/>
    <property name="sun.management.compiler" value="HotSpot 64-Bit Tiered Compilers"/>
    <property name="java.runtime.version" value="11+28"/>
    <property name="user.name" value="brock"/>
    <property name="path.separator" value=":"/>
    <property name="os.version" value="5.13.0-40-generic"/>
    <property name="java.runtime.name" value="OpenJDK Runtime Environment"/>
    <property name="file.encoding" value="UTF-8"/>
    <property name="java.vm.name" value="OpenJDK 64-Bit Server VM"/>
    <property name="java.vendor.version" value="18.9"/>
    <property name="localRepository" value="/home/brock/Documents/cs314/t17/server/.m2/repository"/>
    <property name="build.directory.prefix" value="/home/brock/Documents/cs314/t17"/>
    <property name="java.vendor.url.bug" value="http://bugreport.java.com/bugreport/"/>
    <property name="java.io.tmpdir" value="/tmp"/>
    <property name="java.version" value="11"/>
    <property name="user.dir" value="/home/brock/Documents/cs314/t17/server"/>
    <property name="os.arch" value="amd64"/>
    <property name="java.vm.specification.name" value="Java Virtual Machine Specification"/>
    <property name="java.awt.printerjob" value="sun.print.PSPrinterJob"/>
    <property name="sun.os.patch.level" value="unknown"/>
    <property name="java.library.path" value="/usr/java/packages/lib:/usr/lib64:/lib64:/lib:/usr/lib"/>
    <property name="java.vendor" value="Oracle Corporation"/>
    <property name="java.vm.info" value="mixed mode"/>
    <property name="java.vm.version" value="11+28"/>
    <property name="sun.io.unicode.encoding" value="UnicodeLittle"/>
    <property name="java.class.version" value="55.0"/>
  </properties>
  <testcase name="testType" classname="com.tco.requests.TestDistancesRequest" time="0"/>
  <testcase name="testEmptyPlaces" classname="com.tco.requests.TestDistancesRequest" time="0"/>
</testsuite>